[2024-10-26 01:06:16] ALTER TABLE Command: ALTER TABLE employee MODIFY id CHAR(36) PRIMARY KEY NOT NULL, 
MODIFY name TEXT NOT NULL, MODIFY email VARCHAR(80) NOT NULL UNIQUE, MODIFY bio TEXT NOT NULL, 
MODIFY age INT NOT NULL, MODIFY user_id INT NOT NULL, DROP PRIMARY KEY

Modified Columns: MODIFY id CHAR(36) PRIMARY KEY NOT NULL, 
MODIFY name TEXT NOT NULL, MODIFY email VARCHAR(80) NOT NULL UNIQUE, 
MODIFY bio TEXT NOT NULL, 
MODIFY age INT NOT NULL, 
MODIFY user_id INT NOT NULL

[2024-10-26 01:10:37] ALTER TABLE Command: ALTER TABLE employee MODIFY id CHAR(36) PRIMARY KEY NOT NULL, MODIFY name TEXT NOT NULL, MODIFY email VARCHAR(80) NOT NULL UNIQUE, MODIFY bio TEXT NOT NULL, MODIFY age INT NOT NULL, MODIFY user_id INT NOT NULL
  Modified Columns: MODIFY id CHAR(36) PRIMARY KEY NOT NULL, MODIFY name TEXT NOT NULL, MODIFY email VARCHAR(80) NOT NULL UNIQUE, MODIFY bio TEXT NOT NULL, MODIFY age INT NOT NULL, MODIFY user_id INT NOT NULL

[2024-10-26 01:14:07] ALTER TABLE Command: ALTER TABLE employee DROP COLUMN ID, DROP COLUMN EMAIL, DROP COLUMN BIO, DROP COLUMN AGE, DROP COLUMN NAME, DROP COLUMN USER_ID, ADD id CHAR(36) PRIMARY KEY NOT NULL, ADD name TEXT NOT NULL, ADD email VARCHAR(80) NOT NULL UNIQUE, ADD bio TEXT NOT NULL, ADD age INT NOT NULL, ADD user_id INT NOT NULL, DROP PRIMARY KEY, DROP INDEX EMAIL ON employee
  Dropped Columns: DROP COLUMN ID, DROP COLUMN EMAIL, DROP COLUMN BIO, DROP COLUMN AGE, DROP COLUMN NAME, DROP COLUMN USER_ID
  Added Columns: ADD id CHAR(36) PRIMARY KEY NOT NULL, ADD name TEXT NOT NULL, ADD email VARCHAR(80) NOT NULL UNIQUE, ADD bio TEXT NOT NULL, ADD age INT NOT NULL, ADD user_id INT NOT NULL

[2024-10-26 01:16:24] ALTER TABLE Command: ALTER TABLE employee MODIFY id CHAR(36) PRIMARY KEY NOT NULL, MODIFY name TEXT NOT NULL, MODIFY email VARCHAR(80) NOT NULL UNIQUE, MODIFY bio TEXT NOT NULL, MODIFY age INT NOT NULL, MODIFY user_id INT NOT NULL
  Modified Columns: MODIFY id CHAR(36) PRIMARY KEY NOT NULL, MODIFY name TEXT NOT NULL, MODIFY email VARCHAR(80) NOT NULL UNIQUE, MODIFY bio TEXT NOT NULL, MODIFY age INT NOT NULL, MODIFY user_id INT NOT NULL

[2024-10-26 01:16:58] ALTER TABLE Command: ALTER TABLE employee MODIFY id CHAR(36) PRIMARY KEY NOT NULL
  Modified Columns: MODIFY id CHAR(36) PRIMARY KEY NOT NULL

[2024-10-26 01:19:13] ALTER TABLE Command: ALTER TABLE employee MODIFY id CHAR(36) PRIMARY KEY NOT NULL
  Modified Columns: MODIFY id CHAR(36) PRIMARY KEY NOT NULL

[2024-10-26 01:21:38] ALTER TABLE Command: ALTER TABLE employee MODIFY user_id INT NOT NULL AUTO_INCREMENT
  Modified Columns: MODIFY user_id INT NOT NULL AUTO_INCREMENT

[2024-10-26 01:23:00] ALTER TABLE Command: ALTER TABLE employee MODIFY id CHAR(36) NOT NULL, MODIFY user_id INT PRIMARY KEY NOT NULL AUTO_INCREMENT, DROP PRIMARY KEY
  Modified Columns: MODIFY id CHAR(36) NOT NULL, MODIFY user_id INT PRIMARY KEY NOT NULL AUTO_INCREMENT

[2024-10-26 01:24:42] ALTER TABLE Command: ALTER TABLE employee MODIFY user_id INT PRIMARY KEY NOT NULL AUTO_INCREMENT, ADD meta JSON NOT NULL, ADD test BOOLEAN NOT NULL
  Modified Columns: MODIFY user_id INT PRIMARY KEY NOT NULL AUTO_INCREMENT
  Added Columns: ADD meta JSON NOT NULL, ADD test BOOLEAN NOT NULL

[2024-10-26 01:25:19] ALTER TABLE Command: ALTER TABLE employee MODIFY user_id INT PRIMARY KEY NOT NULL AUTO_INCREMENT, ADD meta JSON NOT NULL, ADD test BOOLEAN NOT NULL
  Modified Columns: MODIFY user_id INT PRIMARY KEY NOT NULL AUTO_INCREMENT
  Added Columns: ADD meta JSON NOT NULL, ADD test BOOLEAN NOT NULL

[2024-10-26 01:28:09] ALTER TABLE Command: ALTER TABLE employee MODIFY user_id INT PRIMARY KEY NOT NULL AUTO_INCREMENT, ADD meta JSON NOT NULL, ADD test BOOLEAN NOT NULL
  Modified Columns: MODIFY user_id INT PRIMARY KEY NOT NULL AUTO_INCREMENT
  Added Columns: ADD meta JSON NOT NULL, ADD test BOOLEAN NOT NULL

[2024-10-26 01:30:10] ALTER TABLE Command: ALTER TABLE employee MODIFY id CHAR(36) NOT NULL, MODIFY name TEXT NOT NULL, MODIFY email VARCHAR(80) NOT NULL UNIQUE, MODIFY bio TEXT NOT NULL, MODIFY age INT NOT NULL, MODIFY user_id INT PRIMARY KEY NOT NULL AUTO_INCREMENT, ADD meta JSON NOT NULL, ADD test BOOLEAN NOT NULL
  Modified Columns: MODIFY id CHAR(36) NOT NULL, MODIFY name TEXT NOT NULL, MODIFY email VARCHAR(80) NOT NULL UNIQUE, MODIFY bio TEXT NOT NULL, MODIFY age INT NOT NULL, MODIFY user_id INT PRIMARY KEY NOT NULL AUTO_INCREMENT
  Added Columns: ADD meta JSON NOT NULL, ADD test BOOLEAN NOT NULL

[2024-10-26 01:30:42] ALTER TABLE Command: ALTER TABLE employee ADD meta JSON NOT NULL, ADD test BOOLEAN NOT NULL
  Added Columns: ADD meta JSON NOT NULL, ADD test BOOLEAN NOT NULL

[2024-10-26 01:31:15] ALTER TABLE Command: ALTER TABLE employee MODIFY meta JSON, MODIFY test BOOLEAN NOT NULL
  Modified Columns: MODIFY meta JSON, MODIFY test BOOLEAN NOT NULL

